<?xml version="1.0" encoding="UTF-8"?>
<!-- Generated by org.testng.reporters.JUnitReportReporter -->
<testsuite skipped="0" hostname="DESKTOP-3S7U2QD" name="com.wallethub.pages.Assignment2" tests="3" failures="0" timestamp="20 Jul 2019 09:56:17 GMT" time="13.019" errors="0">
  <testcase name="login" time="4.542" classname="com.wallethub.pages.Assignment2"/>
  <testcase name="selectStarRating" time="6.019" classname="com.wallethub.pages.Assignment2"/>
  <testcase name="submitReview" time="2.458" classname="com.wallethub.pages.Assignment2"/>
</testsuite> <!-- com.wallethub.pages.Assignment2 -->
