<?xml version="1.0" encoding="UTF-8"?>
<!-- Generated by org.testng.reporters.JUnitReportReporter -->
<testsuite skipped="0" hostname="DESKTOP-3S7U2QD" name="com.wallethub.pages.Assignment1" tests="2" failures="0" timestamp="22 Jul 2019 20:50:12 GMT" time="41.182" errors="0">
  <testcase name="login" time="29.734" classname="com.wallethub.pages.Assignment1"/>
  <testcase name="postStatusMessage" time="11.448" classname="com.wallethub.pages.Assignment1"/>
</testsuite> <!-- com.wallethub.pages.Assignment1 -->
