<?xml version="1.0" encoding="UTF-8"?>
<!-- Generated by org.testng.reporters.JUnitReportReporter -->
<testsuite skipped="0" hostname="DESKTOP-3S7U2QD" name="com.wallethub.pages.Assignment1TestRunner" tests="1" failures="0" timestamp="24 Jul 2019 14:35:47 GMT" time="62.831" errors="0">
  <testcase name="runAssignment1" time="62.831" classname="com.wallethub.pages.Assignment1TestRunner"/>
</testsuite> <!-- com.wallethub.pages.Assignment1TestRunner -->
