<?xml version="1.0" encoding="UTF-8"?>
<!-- Generated by org.testng.reporters.JUnitReportReporter -->
<testsuite skipped="0" hostname="DESKTOP-3S7U2QD" name="com.wallethub.pages.Assignment2TestRunner" tests="1" failures="0" timestamp="24 Jul 2019 14:35:47 GMT" time="18.569" errors="0">
  <testcase name="runAssignment2" time="18.569" classname="com.wallethub.pages.Assignment2TestRunner"/>
</testsuite> <!-- com.wallethub.pages.Assignment2TestRunner -->
